<?xml version="1.0" encoding="UTF-8"?>
<!-- Generated by org.testng.reporters.JUnitXMLReporter -->
<testsuite ignored="0" hostname="IN-26RY9K3" failures="3" tests="3" name="Surefire test" time="47.656" errors="0" timestamp="2024-11-14T15:36:37 IST">
  <testcase classname="io.cucumber.testng.AbstractTestNGCucumberTests" name="runScenario" time="18.829">
    <failure type="java.lang.AssertionError" message="Text is not matching expected [true] but found [false]">
      <![CDATA[java.lang.AssertionError: Text is not matching expected [true] but found [false]
at com.StepDef.LoginStepDef.i_should_be_redirect_to_homepage(LoginStepDef.java:41)
at ✽.I should be redirect to homepage(file:///C:/Users/monikagupta01/eclipse-workspace/cucumberdemo/src/test/resources/features/homePage.feature:11)
... Removed 3 stack frames]]>
    </failure>
  </testcase> <!-- runScenario -->
  <testcase classname="io.cucumber.testng.AbstractTestNGCucumberTests" name="runScenario" time="10.271">
    <failure type="io.cucumber.testng.UndefinedStepException" message="The step &amp;apos;I enter username and password to application&amp;apos; is undefined.
You can implement this step using the snippet(s) below:

@When(&amp;quot;I enter username and password to application&amp;quot;)
public void i_enter_username_and_password_to_application() {
    // Write code here that turns the phrase above into concrete actions
    throw new io.cucumber.java.PendingException();
}
">
      <![CDATA[io.cucumber.testng.UndefinedStepException: The step 'I enter username and password to application' is undefined.
You can implement this step using the snippet(s) below:

@When("I enter username and password to application")
public void i_enter_username_and_password_to_application() {
    // Write code here that turns the phrase above into concrete actions
    throw new io.cucumber.java.PendingException();
}

at io.cucumber.core.runtime.TestCaseResultObserver.assertTestCasePassed(TestCaseResultObserver.java:69)
at io.cucumber.testng.TestCaseResultObserver.assertTestCasePassed(TestCaseResultObserver.java:23)
at io.cucumber.testng.TestNGCucumberRunner.lambda$runScenario$1(TestNGCucumberRunner.java:136)
at io.cucumber.core.runtime.CucumberExecutionContext.lambda$runTestCase$5(CucumberExecutionContext.java:136)
at io.cucumber.core.runtime.RethrowingThrowableCollector.executeAndThrow(RethrowingThrowableCollector.java:23)
at io.cucumber.core.runtime.CucumberExecutionContext.runTestCase(CucumberExecutionContext.java:136)
at io.cucumber.testng.TestNGCucumberRunner.runScenario(TestNGCucumberRunner.java:132)
at io.cucumber.testng.AbstractTestNGCucumberTests.runScenario(AbstractTestNGCucumberTests.java:35)
at java.base/java.util.ArrayList.forEach(ArrayList.java:1511)
... Removed 32 stack frames]]>
    </failure>
  </testcase> <!-- runScenario -->
  <testcase classname="io.cucumber.testng.AbstractTestNGCucumberTests" name="runScenario" time="17.32">
    <failure type="java.lang.AssertionError" message="Text is not matching expected [true] but found [false]">
      <![CDATA[java.lang.AssertionError: Text is not matching expected [true] but found [false]
at com.StepDef.LoginStepDef.i_should_be_redirect_to_homepage(LoginStepDef.java:41)
at ✽.I should be redirect to homepage(file:///C:/Users/monikagupta01/eclipse-workspace/cucumberdemo/src/test/resources/features/login.feature:17)
... Removed 3 stack frames]]>
    </failure>
  </testcase> <!-- runScenario -->
</testsuite> <!-- Surefire test -->
